Started GET "/" for 127.0.0.1 at 2018-01-09 22:50:42 +0300
Processing by Rails::WelcomeController#index as HTML
  Rendering /home/sergei/.rbenv/versions/2.5.0/lib/ruby/gems/2.5.0/gems/railties-5.1.4/lib/rails/templates/rails/welcome/index.html.erb
  Rendered /home/sergei/.rbenv/versions/2.5.0/lib/ruby/gems/2.5.0/gems/railties-5.1.4/lib/rails/templates/rails/welcome/index.html.erb (1.7ms)
Completed 200 OK in 91ms (Views: 3.9ms)


Started GET "/" for 127.0.0.1 at 2018-01-09 23:29:29 +0300
  
ActionController::RoutingError (uninitialized constant HomepageController):
  
activesupport (5.1.4) lib/active_support/inflector/methods.rb:269:in `const_get'
activesupport (5.1.4) lib/active_support/inflector/methods.rb:269:in `block in constantize'
activesupport (5.1.4) lib/active_support/inflector/methods.rb:267:in `each'
activesupport (5.1.4) lib/active_support/inflector/methods.rb:267:in `inject'
activesupport (5.1.4) lib/active_support/inflector/methods.rb:267:in `constantize'
actionpack (5.1.4) lib/action_dispatch/http/request.rb:85:in `controller_class_for'
actionpack (5.1.4) lib/action_dispatch/http/request.rb:78:in `controller_class'
actionpack (5.1.4) lib/action_dispatch/routing/route_set.rb:43:in `controller'
actionpack (5.1.4) lib/action_dispatch/routing/route_set.rb:29:in `serve'
actionpack (5.1.4) lib/action_dispatch/journey/router.rb:50:in `block in serve'
actionpack (5.1.4) lib/action_dispatch/journey/router.rb:33:in `each'
actionpack (5.1.4) lib/action_dispatch/journey/router.rb:33:in `serve'
actionpack (5.1.4) lib/action_dispatch/routing/route_set.rb:834:in `call'
rack (2.0.3) lib/rack/etag.rb:25:in `call'
rack (2.0.3) lib/rack/conditional_get.rb:25:in `call'
rack (2.0.3) lib/rack/head.rb:12:in `call'
rack (2.0.3) lib/rack/session/abstract/id.rb:232:in `context'
rack (2.0.3) lib/rack/session/abstract/id.rb:226:in `call'
actionpack (5.1.4) lib/action_dispatch/middleware/cookies.rb:613:in `call'
activerecord (5.1.4) lib/active_record/migration.rb:556:in `call'
actionpack (5.1.4) lib/action_dispatch/middleware/callbacks.rb:26:in `block in call'
activesupport (5.1.4) lib/active_support/callbacks.rb:97:in `run_callbacks'
actionpack (5.1.4) lib/action_dispatch/middleware/callbacks.rb:24:in `call'
actionpack (5.1.4) lib/action_dispatch/middleware/executor.rb:12:in `call'
actionpack (5.1.4) lib/action_dispatch/middleware/debug_exceptions.rb:59:in `call'
web-console (3.5.1) lib/web_console/middleware.rb:135:in `call_app'
web-console (3.5.1) lib/web_console/middleware.rb:28:in `block in call'
web-console (3.5.1) lib/web_console/middleware.rb:18:in `catch'
web-console (3.5.1) lib/web_console/middleware.rb:18:in `call'
actionpack (5.1.4) lib/action_dispatch/middleware/show_exceptions.rb:31:in `call'
railties (5.1.4) lib/rails/rack/logger.rb:36:in `call_app'
railties (5.1.4) lib/rails/rack/logger.rb:24:in `block in call'
activesupport (5.1.4) lib/active_support/tagged_logging.rb:69:in `block in tagged'
activesupport (5.1.4) lib/active_support/tagged_logging.rb:26:in `tagged'
activesupport (5.1.4) lib/active_support/tagged_logging.rb:69:in `tagged'
railties (5.1.4) lib/rails/rack/logger.rb:24:in `call'
sprockets-rails (3.2.1) lib/sprockets/rails/quiet_assets.rb:13:in `call'
actionpack (5.1.4) lib/action_dispatch/middleware/remote_ip.rb:79:in `call'
actionpack (5.1.4) lib/action_dispatch/middleware/request_id.rb:25:in `call'
rack (2.0.3) lib/rack/method_override.rb:22:in `call'
rack (2.0.3) lib/rack/runtime.rb:22:in `call'
activesupport (5.1.4) lib/active_support/cache/strategy/local_cache_middleware.rb:27:in `call'
actionpack (5.1.4) lib/action_dispatch/middleware/executor.rb:12:in `call'
actionpack (5.1.4) lib/action_dispatch/middleware/static.rb:125:in `call'
rack (2.0.3) lib/rack/sendfile.rb:111:in `call'
railties (5.1.4) lib/rails/engine.rb:522:in `call'
puma (3.11.0) lib/puma/configuration.rb:225:in `call'
puma (3.11.0) lib/puma/server.rb:624:in `handle_request'
puma (3.11.0) lib/puma/server.rb:438:in `process_client'
puma (3.11.0) lib/puma/server.rb:302:in `block in run'
puma (3.11.0) lib/puma/thread_pool.rb:120:in `block in spawn_thread'
Started GET "/" for 127.0.0.1 at 2018-01-09 23:30:56 +0300
Processing by HomePageController#index as HTML
  Rendering home_page/index.html.erb within layouts/application
  Rendered home_page/index.html.erb within layouts/application (1.1ms)
Completed 200 OK in 619ms (Views: 505.8ms)


Started GET "/" for 127.0.0.1 at 2018-01-09 23:34:07 +0300
Processing by HomePageController#index as HTML
  Rendering home_page/index.html.erb within layouts/application
  Rendered home_page/index.html.erb within layouts/application (0.4ms)
Completed 200 OK in 24ms (Views: 22.7ms)


Started GET "/" for 127.0.0.1 at 2018-01-09 23:34:42 +0300
Processing by HomePageController#index as HTML
  Rendering home_page/index.html.erb within layouts/application
  Rendered home_page/index.html.erb within layouts/application (0.3ms)
Completed 200 OK in 24ms (Views: 22.5ms)


Started GET "/" for 127.0.0.1 at 2018-01-09 23:41:35 +0300
Processing by HomePageController#index as HTML
  Rendering home_page/index.html.erb within layouts/application
  Rendered home_page/index.html.erb within layouts/application (2.0ms)
Completed 200 OK in 43ms (Views: 40.5ms)


Started GET "/" for 127.0.0.1 at 2018-01-09 23:42:16 +0300
Processing by HomePageController#index as HTML
  Rendering home_page/index.html.erb within layouts/application
  Rendered home_page/index.html.erb within layouts/application (2.0ms)
Completed 200 OK in 43ms (Views: 40.5ms)


Started GET "/" for 127.0.0.1 at 2018-01-09 23:42:18 +0300
Processing by HomePageController#index as HTML
  Rendering home_page/index.html.erb within layouts/application
  Rendered home_page/index.html.erb within layouts/application (1.1ms)
Completed 200 OK in 31ms (Views: 29.1ms)


Started GET "/" for 127.0.0.1 at 2018-01-09 23:42:59 +0300
Processing by HomePageController#index as HTML
  Rendering home_page/index.html.erb within layouts/application
  Rendered home_page/index.html.erb within layouts/application (0.9ms)
Completed 200 OK in 25ms (Views: 23.3ms)


Started GET "/" for 127.0.0.1 at 2018-01-09 23:44:58 +0300
Processing by HomePageController#index as HTML
  Rendering home_page/index.html.erb within layouts/application
  Rendered home_page/index.html.erb within layouts/application (1.6ms)
Completed 200 OK in 50ms (Views: 47.6ms)


Started GET "/" for 127.0.0.1 at 2018-01-09 23:45:47 +0300
Processing by HomePageController#index as HTML
  Rendering home_page/index.html.erb within layouts/application
  Rendered home_page/index.html.erb within layouts/application (0.5ms)
Completed 200 OK in 48ms (Views: 47.0ms)


Started GET "/" for 127.0.0.1 at 2018-01-09 23:50:19 +0300
Processing by HomePageController#index as HTML
  Rendering home_page/index.html.erb within layouts/application
  Rendered home_page/index.html.erb within layouts/application (0.4ms)
Completed 200 OK in 37ms (Views: 35.8ms)


Started GET "/" for 127.0.0.1 at 2018-01-09 23:50:21 +0300
Processing by HomePageController#index as HTML
  Rendering home_page/index.html.erb within layouts/application
  Rendered home_page/index.html.erb within layouts/application (0.7ms)
Completed 200 OK in 47ms (Views: 43.2ms)


Started GET "/" for 127.0.0.1 at 2018-01-09 23:50:45 +0300
Processing by HomePageController#index as HTML
  Rendering home_page/index.html.erb within layouts/application
  Rendered home_page/index.html.erb within layouts/application (1.3ms)
Completed 200 OK in 33ms (Views: 31.8ms)


Started GET "/" for 127.0.0.1 at 2018-01-09 23:51:38 +0300
Processing by HomePageController#index as HTML
  Rendering home_page/index.html.erb within layouts/application
  Rendered home_page/index.html.erb within layouts/application (0.3ms)
Completed 200 OK in 24ms (Views: 22.8ms)


Started GET "/" for 127.0.0.1 at 2018-01-09 23:52:15 +0300
Processing by HomePageController#index as HTML
  Rendering home_page/index.html.erb within layouts/application
  Rendered home_page/index.html.erb within layouts/application (0.3ms)
Completed 200 OK in 37ms (Views: 35.9ms)


Started GET "/" for 127.0.0.1 at 2018-01-09 23:52:16 +0300
Processing by HomePageController#index as HTML
  Rendering home_page/index.html.erb within layouts/application
  Rendered home_page/index.html.erb within layouts/application (0.8ms)
Completed 200 OK in 57ms (Views: 53.4ms)


Started GET "/" for 127.0.0.1 at 2018-01-09 23:54:11 +0300
Processing by HomePageController#index as HTML
  Rendering home_page/index.html.erb within layouts/application
  Rendered home_page/index.html.erb within layouts/application (0.4ms)
Completed 200 OK in 34ms (Views: 32.9ms)


Started GET "/" for 127.0.0.1 at 2018-01-09 23:54:13 +0300
Processing by HomePageController#index as HTML
  Rendering home_page/index.html.erb within layouts/application
  Rendered home_page/index.html.erb within layouts/application (1.1ms)
Completed 200 OK in 55ms (Views: 52.4ms)


Started GET "/" for 127.0.0.1 at 2018-01-09 23:54:34 +0300
Processing by HomePageController#index as HTML
  Rendering home_page/index.html.erb within layouts/application
  Rendered home_page/index.html.erb within layouts/application (1.1ms)
Completed 200 OK in 73ms (Views: 68.4ms)


Started GET "/" for 127.0.0.1 at 2018-01-09 23:54:35 +0300
Processing by HomePageController#index as HTML
  Rendering home_page/index.html.erb within layouts/application
  Rendered home_page/index.html.erb within layouts/application (1.1ms)
Completed 200 OK in 69ms (Views: 64.8ms)


Started GET "/" for 127.0.0.1 at 2018-01-09 23:55:18 +0300
Processing by HomePageController#index as HTML
  Rendering home_page/index.html.erb within layouts/application
  Rendered home_page/index.html.erb within layouts/application (0.8ms)
Completed 200 OK in 69ms (Views: 65.1ms)


Started GET "/" for 127.0.0.1 at 2018-01-09 23:56:06 +0300
Processing by HomePageController#index as HTML
  Rendering home_page/index.html.erb within layouts/application
  Rendered home_page/index.html.erb within layouts/application (0.3ms)
Completed 200 OK in 38ms (Views: 36.5ms)


Started GET "/" for 127.0.0.1 at 2018-01-09 23:56:34 +0300
Processing by HomePageController#index as HTML
  Rendering home_page/index.html.erb within layouts/application
  Rendered home_page/index.html.erb within layouts/application (0.5ms)
Completed 200 OK in 40ms (Views: 38.4ms)


Started GET "/" for 127.0.0.1 at 2018-01-09 23:56:58 +0300
Processing by HomePageController#index as HTML
  Rendering home_page/index.html.erb within layouts/application
  Rendered home_page/index.html.erb within layouts/application (1.2ms)
Completed 200 OK in 52ms (Views: 47.4ms)


Started GET "/" for 127.0.0.1 at 2018-01-09 23:57:50 +0300
Processing by HomePageController#index as HTML
  Rendering home_page/index.html.erb within layouts/application
  Rendered home_page/index.html.erb within layouts/application (0.7ms)
Completed 200 OK in 92ms (Views: 90.1ms)


Started GET "/" for 127.0.0.1 at 2018-01-09 23:58:04 +0300
Processing by HomePageController#index as HTML
  Rendering home_page/index.html.erb within layouts/application
  Rendered home_page/index.html.erb within layouts/application (1.0ms)
Completed 200 OK in 65ms (Views: 61.2ms)


Started GET "/" for 127.0.0.1 at 2018-01-09 23:59:39 +0300
Processing by HomePageController#index as HTML
  Rendering home_page/index.html.erb within layouts/application
  Rendered home_page/index.html.erb within layouts/application (1.6ms)
Completed 200 OK in 81ms (Views: 77.9ms)


Started GET "/" for 127.0.0.1 at 2018-01-10 00:00:07 +0300
Processing by HomePageController#index as HTML
  Rendering home_page/index.html.erb within layouts/application
  Rendered home_page/index.html.erb within layouts/application (0.4ms)
Completed 200 OK in 40ms (Views: 38.5ms)


Started GET "/" for 127.0.0.1 at 2018-01-10 00:03:41 +0300
Processing by HomePageController#index as HTML
  Rendering home_page/index.html.erb within layouts/application
  Rendered home_page/index.html.erb within layouts/application (0.5ms)
Completed 200 OK in 24ms (Views: 22.3ms)


Started GET "/" for 127.0.0.1 at 2018-01-10 00:04:33 +0300
Processing by HomePageController#index as HTML
  Rendering home_page/index.html.erb within layouts/application
  Rendered home_page/index.html.erb within layouts/application (0.3ms)
Completed 200 OK in 15ms (Views: 14.4ms)


Started GET "/" for 127.0.0.1 at 2018-01-10 00:04:44 +0300
Processing by HomePageController#index as HTML
  Rendering home_page/index.html.erb within layouts/application
  Rendered home_page/index.html.erb within layouts/application (0.3ms)
Completed 200 OK in 12ms (Views: 11.7ms)


Started GET "/" for 127.0.0.1 at 2018-01-10 00:04:45 +0300
Processing by HomePageController#index as HTML
  Rendering home_page/index.html.erb within layouts/application
  Rendered home_page/index.html.erb within layouts/application (0.3ms)
Completed 200 OK in 10ms (Views: 9.4ms)


Started GET "/" for 127.0.0.1 at 2018-01-10 00:04:50 +0300
Processing by HomePageController#index as HTML
  Rendering home_page/index.html.erb within layouts/application
  Rendered home_page/index.html.erb within layouts/application (0.4ms)
Completed 200 OK in 19ms (Views: 17.9ms)


Started GET "/" for 127.0.0.1 at 2018-01-11 20:30:31 +0300
Processing by HomePageController#index as HTML
  Rendering home_page/index.html.erb within layouts/application
  Rendered home_page/index.html.erb within layouts/application (1.3ms)
Completed 200 OK in 85ms (Views: 81.2ms)


Started GET "/" for 127.0.0.1 at 2018-01-11 20:30:33 +0300
Processing by HomePageController#index as HTML
  Rendering home_page/index.html.erb within layouts/application
  Rendered home_page/index.html.erb within layouts/application (0.8ms)
Completed 200 OK in 58ms (Views: 54.8ms)


Started GET "/" for 127.0.0.1 at 2018-01-11 20:31:11 +0300
Processing by HomePageController#index as HTML
  Rendering home_page/index.html.erb within layouts/application
  Rendered home_page/index.html.erb within layouts/application (0.6ms)
Completed 200 OK in 16ms (Views: 14.3ms)


Started GET "/images/simple-codelines.svg" for 127.0.0.1 at 2018-01-11 20:31:11 +0300
  
ActionController::RoutingError (No route matches [GET] "/images/simple-codelines.svg"):
  
actionpack (5.1.4) lib/action_dispatch/middleware/debug_exceptions.rb:63:in `call'
web-console (3.5.1) lib/web_console/middleware.rb:135:in `call_app'
web-console (3.5.1) lib/web_console/middleware.rb:28:in `block in call'
web-console (3.5.1) lib/web_console/middleware.rb:18:in `catch'
web-console (3.5.1) lib/web_console/middleware.rb:18:in `call'
actionpack (5.1.4) lib/action_dispatch/middleware/show_exceptions.rb:31:in `call'
railties (5.1.4) lib/rails/rack/logger.rb:36:in `call_app'
railties (5.1.4) lib/rails/rack/logger.rb:24:in `block in call'
activesupport (5.1.4) lib/active_support/tagged_logging.rb:69:in `block in tagged'
activesupport (5.1.4) lib/active_support/tagged_logging.rb:26:in `tagged'
activesupport (5.1.4) lib/active_support/tagged_logging.rb:69:in `tagged'
railties (5.1.4) lib/rails/rack/logger.rb:24:in `call'
sprockets-rails (3.2.1) lib/sprockets/rails/quiet_assets.rb:13:in `call'
actionpack (5.1.4) lib/action_dispatch/middleware/remote_ip.rb:79:in `call'
actionpack (5.1.4) lib/action_dispatch/middleware/request_id.rb:25:in `call'
rack (2.0.3) lib/rack/method_override.rb:22:in `call'
rack (2.0.3) lib/rack/runtime.rb:22:in `call'
activesupport (5.1.4) lib/active_support/cache/strategy/local_cache_middleware.rb:27:in `call'
actionpack (5.1.4) lib/action_dispatch/middleware/executor.rb:12:in `call'
actionpack (5.1.4) lib/action_dispatch/middleware/static.rb:125:in `call'
rack (2.0.3) lib/rack/sendfile.rb:111:in `call'
railties (5.1.4) lib/rails/engine.rb:522:in `call'
puma (3.11.0) lib/puma/configuration.rb:225:in `call'
puma (3.11.0) lib/puma/server.rb:624:in `handle_request'
puma (3.11.0) lib/puma/server.rb:438:in `process_client'
puma (3.11.0) lib/puma/server.rb:302:in `block in run'
puma (3.11.0) lib/puma/thread_pool.rb:120:in `block in spawn_thread'
Started GET "/" for 127.0.0.1 at 2018-01-11 20:32:23 +0300
Processing by HomePageController#index as HTML
  Rendering home_page/index.html.erb within layouts/application
  Rendered home_page/index.html.erb within layouts/application (0.5ms)
Completed 200 OK in 41ms (Views: 40.2ms)


Started GET "/" for 127.0.0.1 at 2018-01-11 20:34:15 +0300
Processing by HomePageController#index as HTML
  Rendering home_page/index.html.erb within layouts/application
  Rendered home_page/index.html.erb within layouts/application (0.5ms)
Completed 200 OK in 51ms (Views: 48.4ms)


Started GET "/" for 127.0.0.1 at 2018-01-11 21:08:52 +0300
Processing by HomePageController#index as HTML
  Rendering home_page/index.html.erb within layouts/application
  Rendered home_page/index.html.erb within layouts/application (0.9ms)
Completed 200 OK in 44ms (Views: 38.7ms)


Started GET "/" for 127.0.0.1 at 2018-01-11 21:13:40 +0300
Processing by HomePageController#index as HTML
  Rendering home_page/index.html.erb within layouts/application
  Rendered home_page/index.html.erb within layouts/application (0.5ms)
Completed 200 OK in 26ms (Views: 24.4ms)


Started GET "/" for 127.0.0.1 at 2018-01-11 21:13:47 +0300
Processing by HomePageController#index as HTML
  Rendering home_page/index.html.erb within layouts/application
  Rendered home_page/index.html.erb within layouts/application (0.7ms)
Completed 200 OK in 28ms (Views: 26.1ms)


Started GET "/" for 127.0.0.1 at 2018-01-11 21:14:38 +0300
Processing by HomePageController#index as HTML
  Rendering home_page/index.html.erb within layouts/application
  Rendered home_page/index.html.erb within layouts/application (0.6ms)
Completed 200 OK in 43ms (Views: 40.4ms)


Started GET "/" for 127.0.0.1 at 2018-01-11 21:14:40 +0300
Processing by HomePageController#index as HTML
  Rendering home_page/index.html.erb within layouts/application
  Rendered home_page/index.html.erb within layouts/application (0.8ms)
Completed 200 OK in 42ms (Views: 39.1ms)


Started GET "/" for 127.0.0.1 at 2018-01-11 21:16:32 +0300
Processing by HomePageController#index as HTML
  Rendering home_page/index.html.erb within layouts/application
  Rendered home_page/index.html.erb within layouts/application (0.6ms)
Completed 200 OK in 70ms (Views: 67.6ms)


Started GET "/" for 127.0.0.1 at 2018-01-11 21:17:46 +0300
Processing by HomePageController#index as HTML
  Rendering home_page/index.html.erb within layouts/application
  Rendered home_page/index.html.erb within layouts/application (1.6ms)
Completed 200 OK in 51ms (Views: 48.6ms)


Started GET "/" for 127.0.0.1 at 2018-01-11 21:18:02 +0300
Processing by HomePageController#index as HTML
  Rendering home_page/index.html.erb within layouts/application
  Rendered home_page/index.html.erb within layouts/application (0.5ms)
Completed 200 OK in 31ms (Views: 27.8ms)


Started GET "/" for 127.0.0.1 at 2018-01-11 21:20:56 +0300
Processing by HomePageController#index as HTML
  Rendering home_page/index.html.erb within layouts/application
  Rendered home_page/index.html.erb within layouts/application (0.4ms)
Completed 200 OK in 20ms (Views: 19.0ms)


Started GET "/" for 127.0.0.1 at 2018-01-11 21:21:46 +0300
Processing by HomePageController#index as HTML
  Rendering home_page/index.html.erb within layouts/application
  Rendered home_page/index.html.erb within layouts/application (0.5ms)
Completed 200 OK in 47ms (Views: 45.5ms)


Started GET "/" for 127.0.0.1 at 2018-01-11 21:22:29 +0300
Processing by HomePageController#index as HTML
  Rendering home_page/index.html.erb within layouts/application
  Rendered home_page/index.html.erb within layouts/application (1.5ms)
Completed 200 OK in 96ms (Views: 94.4ms)


Started GET "/" for 127.0.0.1 at 2018-01-11 21:25:28 +0300
Processing by HomePageController#index as HTML
  Rendering home_page/index.html.erb within layouts/application
  Rendered home_page/index.html.erb within layouts/application (1.2ms)
Completed 200 OK in 56ms (Views: 52.0ms)


Started GET "/" for 127.0.0.1 at 2018-01-11 21:26:03 +0300
Processing by HomePageController#index as HTML
  Rendering home_page/index.html.erb within layouts/application
  Rendered home_page/index.html.erb within layouts/application (1.1ms)
Completed 200 OK in 39ms (Views: 37.3ms)


Started GET "/" for 127.0.0.1 at 2018-01-11 21:26:04 +0300
Processing by HomePageController#index as HTML
  Rendering home_page/index.html.erb within layouts/application
  Rendered home_page/index.html.erb within layouts/application (2.4ms)
Completed 200 OK in 47ms (Views: 45.1ms)


Started GET "/" for 127.0.0.1 at 2018-01-11 21:26:37 +0300
Processing by HomePageController#index as HTML
  Rendering home_page/index.html.erb within layouts/application
  Rendered home_page/index.html.erb within layouts/application (1.0ms)
Completed 200 OK in 62ms (Views: 59.1ms)


Started GET "/" for 127.0.0.1 at 2018-01-11 21:33:27 +0300
Processing by HomePageController#index as HTML
  Rendering home_page/index.html.erb within layouts/application
  Rendered home_page/index.html.erb within layouts/application (1.1ms)
Completed 200 OK in 88ms (Views: 84.8ms)


Started GET "/" for 127.0.0.1 at 2018-01-11 21:34:24 +0300
Processing by HomePageController#index as HTML
  Rendering home_page/index.html.erb within layouts/application
  Rendered home_page/index.html.erb within layouts/application (2.0ms)
Completed 200 OK in 63ms (Views: 60.5ms)


Started GET "/" for 127.0.0.1 at 2018-01-11 21:34:26 +0300
Processing by HomePageController#index as HTML
  Rendering home_page/index.html.erb within layouts/application
  Rendered home_page/index.html.erb within layouts/application (1.1ms)
Completed 200 OK in 54ms (Views: 51.3ms)


Started GET "/" for 127.0.0.1 at 2018-01-11 21:34:56 +0300
Processing by HomePageController#index as HTML
  Rendering home_page/index.html.erb within layouts/application
  Rendered home_page/index.html.erb within layouts/application (1.1ms)
Completed 200 OK in 77ms (Views: 73.3ms)


Started GET "/" for 127.0.0.1 at 2018-01-11 21:35:39 +0300
Processing by HomePageController#index as HTML
  Rendering home_page/index.html.erb within layouts/application
  Rendered home_page/index.html.erb within layouts/application (0.4ms)
Completed 200 OK in 40ms (Views: 37.7ms)


Started GET "/" for 127.0.0.1 at 2018-01-11 21:38:03 +0300
Processing by HomePageController#index as HTML
  Rendering home_page/index.html.erb within layouts/application
  Rendered home_page/index.html.erb within layouts/application (1.0ms)
Completed 200 OK in 54ms (Views: 51.5ms)


Started GET "/" for 127.0.0.1 at 2018-01-11 21:38:55 +0300
Processing by HomePageController#index as HTML
  Rendering home_page/index.html.erb within layouts/application
  Rendered home_page/index.html.erb within layouts/application (0.3ms)
Completed 200 OK in 38ms (Views: 36.3ms)


Started GET "/" for 127.0.0.1 at 2018-01-11 21:40:01 +0300
Processing by HomePageController#index as HTML
  Rendering home_page/index.html.erb within layouts/application
  Rendered home_page/index.html.erb within layouts/application (0.8ms)
Completed 200 OK in 52ms (Views: 49.4ms)


Started GET "/" for 127.0.0.1 at 2018-01-11 21:45:05 +0300
Processing by HomePageController#index as HTML
  Rendering home_page/index.html.erb within layouts/application
  Rendered home_page/index.html.erb within layouts/application (1.5ms)
Completed 200 OK in 60ms (Views: 58.4ms)


Started GET "/" for 127.0.0.1 at 2018-01-11 21:47:42 +0300
Processing by HomePageController#index as HTML
  Rendering home_page/index.html.erb within layouts/application
  Rendered home_page/index.html.erb within layouts/application (0.5ms)
Completed 200 OK in 57ms (Views: 55.8ms)


Started GET "/" for 127.0.0.1 at 2018-01-11 21:48:03 +0300
Processing by HomePageController#index as HTML
  Rendering home_page/index.html.erb within layouts/application
  Rendered home_page/index.html.erb within layouts/application (0.4ms)
Completed 200 OK in 45ms (Views: 43.4ms)


Started GET "/" for 127.0.0.1 at 2018-01-11 21:48:05 +0300
Processing by HomePageController#index as HTML
  Rendering home_page/index.html.erb within layouts/application
  Rendered home_page/index.html.erb within layouts/application (0.7ms)
Completed 200 OK in 41ms (Views: 39.0ms)


Started GET "/" for 127.0.0.1 at 2018-01-11 21:49:07 +0300
Processing by HomePageController#index as HTML
  Rendering home_page/index.html.erb within layouts/application
  Rendered home_page/index.html.erb within layouts/application (0.4ms)
Completed 200 OK in 22ms (Views: 19.7ms)


Started GET "/" for 127.0.0.1 at 2018-01-11 21:51:10 +0300
Processing by HomePageController#index as HTML
  Rendering home_page/index.html.erb within layouts/application
  Rendered home_page/index.html.erb within layouts/application (0.8ms)
Completed 200 OK in 83ms (Views: 81.0ms)


Started GET "/" for 127.0.0.1 at 2018-01-11 21:51:32 +0300
Processing by HomePageController#index as HTML
  Rendering home_page/index.html.erb within layouts/application
  Rendered home_page/index.html.erb within layouts/application (0.4ms)
Completed 200 OK in 53ms (Views: 52.3ms)


Started GET "/" for 127.0.0.1 at 2018-01-11 21:53:19 +0300
Processing by HomePageController#index as HTML
  Rendering home_page/index.html.erb within layouts/application
  Rendered home_page/index.html.erb within layouts/application (0.5ms)
Completed 200 OK in 50ms (Views: 48.1ms)


Started GET "/" for 127.0.0.1 at 2018-01-11 21:55:23 +0300
Processing by HomePageController#index as HTML
  Rendering home_page/index.html.erb within layouts/application
  Rendered home_page/index.html.erb within layouts/application (0.8ms)
Completed 200 OK in 54ms (Views: 52.2ms)


Started GET "/" for 127.0.0.1 at 2018-01-11 21:55:40 +0300
Processing by HomePageController#index as HTML
  Rendering home_page/index.html.erb within layouts/application
  Rendered home_page/index.html.erb within layouts/application (0.8ms)
Completed 200 OK in 57ms (Views: 54.6ms)


Started GET "/" for 127.0.0.1 at 2018-01-11 21:56:56 +0300
Processing by HomePageController#index as HTML
  Rendering home_page/index.html.erb within layouts/application
  Rendered home_page/index.html.erb within layouts/application (0.4ms)
Completed 200 OK in 48ms (Views: 46.8ms)


Started GET "/" for 127.0.0.1 at 2018-01-11 21:57:25 +0300
Processing by HomePageController#index as HTML
  Rendering home_page/index.html.erb within layouts/application
  Rendered home_page/index.html.erb within layouts/application (0.5ms)
Completed 200 OK in 49ms (Views: 46.6ms)


Started GET "/" for 127.0.0.1 at 2018-01-11 21:58:04 +0300
Processing by HomePageController#index as HTML
  Rendering home_page/index.html.erb within layouts/application
  Rendered home_page/index.html.erb within layouts/application (0.5ms)
Completed 200 OK in 42ms (Views: 41.0ms)


Started GET "/" for 127.0.0.1 at 2018-01-11 21:58:06 +0300
Processing by HomePageController#index as HTML
  Rendering home_page/index.html.erb within layouts/application
  Rendered home_page/index.html.erb within layouts/application (1.0ms)
Completed 200 OK in 50ms (Views: 46.0ms)


Started GET "/" for 127.0.0.1 at 2018-01-11 21:59:10 +0300
Processing by HomePageController#index as HTML
  Rendering home_page/index.html.erb within layouts/application
  Rendered home_page/index.html.erb within layouts/application (0.2ms)
Completed 200 OK in 47ms (Views: 46.7ms)


Started GET "/" for 127.0.0.1 at 2018-01-11 21:59:28 +0300
Processing by HomePageController#index as HTML
  Rendering home_page/index.html.erb within layouts/application
  Rendered home_page/index.html.erb within layouts/application (1.5ms)
Completed 200 OK in 99ms (Views: 94.7ms)


Started GET "/" for 127.0.0.1 at 2018-01-11 22:00:14 +0300
Processing by HomePageController#index as HTML
  Rendering home_page/index.html.erb within layouts/application
  Rendered home_page/index.html.erb within layouts/application (0.3ms)
Completed 200 OK in 50ms (Views: 49.4ms)


Started GET "/" for 127.0.0.1 at 2018-01-11 22:03:15 +0300
Processing by HomePageController#index as HTML
  Rendering home_page/index.html.erb within layouts/application
  Rendered home_page/index.html.erb within layouts/application (1.2ms)
Completed 200 OK in 45ms (Views: 43.5ms)


Started GET "/" for 127.0.0.1 at 2018-01-11 22:03:29 +0300
Processing by HomePageController#index as HTML
  Rendering home_page/index.html.erb within layouts/application
  Rendered home_page/index.html.erb within layouts/application (1.0ms)
Completed 200 OK in 76ms (Views: 73.3ms)


Started GET "/" for 127.0.0.1 at 2018-01-11 22:04:50 +0300
Processing by HomePageController#index as HTML
  Rendering home_page/index.html.erb within layouts/application
  Rendered home_page/index.html.erb within layouts/application (1.2ms)
Completed 200 OK in 75ms (Views: 70.9ms)


Started GET "/" for 127.0.0.1 at 2018-01-11 22:08:15 +0300
Processing by HomePageController#index as HTML
  Rendering home_page/index.html.erb within layouts/application
  Rendered home_page/index.html.erb within layouts/application (1.0ms)
Completed 200 OK in 52ms (Views: 50.0ms)


Started GET "/" for 127.0.0.1 at 2018-01-11 22:16:35 +0300
Processing by HomePageController#index as HTML
  Rendering home_page/index.html.erb within layouts/application
  Rendered home_page/index.html.erb within layouts/application (1.0ms)
Completed 200 OK in 91ms (Views: 89.6ms)


Started GET "/" for 127.0.0.1 at 2018-01-11 22:18:13 +0300
Processing by HomePageController#index as HTML
  Rendering home_page/index.html.erb within layouts/application
  Rendered home_page/index.html.erb within layouts/application (1.1ms)
Completed 200 OK in 74ms (Views: 71.3ms)


Started GET "/" for 127.0.0.1 at 2018-01-11 22:48:33 +0300
Processing by HomePageController#index as HTML
  Rendering home_page/index.html.erb within layouts/application
  Rendered home_page/index.html.erb within layouts/application (0.9ms)
Completed 200 OK in 63ms (Views: 59.1ms)


Started GET "/" for 127.0.0.1 at 2018-01-11 22:51:09 +0300
Processing by HomePageController#index as HTML
  Rendering home_page/index.html.erb within layouts/application
  Rendered home_page/index.html.erb within layouts/application (1.1ms)
Completed 200 OK in 96ms (Views: 91.2ms)


Started GET "/" for 127.0.0.1 at 2018-01-11 22:51:44 +0300
Processing by HomePageController#index as HTML
  Rendering home_page/index.html.erb within layouts/application
  Rendered home_page/index.html.erb within layouts/application (0.4ms)
Completed 200 OK in 53ms (Views: 50.2ms)


Started GET "/" for 127.0.0.1 at 2018-01-11 22:52:10 +0300
Processing by HomePageController#index as HTML
  Rendering home_page/index.html.erb within layouts/application
  Rendered home_page/index.html.erb within layouts/application (0.4ms)
Completed 200 OK in 51ms (Views: 48.8ms)


Started GET "/" for 127.0.0.1 at 2018-01-11 22:53:00 +0300
Processing by HomePageController#index as HTML
  Rendering home_page/index.html.erb within layouts/application
  Rendered home_page/index.html.erb within layouts/application (1.8ms)
Completed 200 OK in 66ms (Views: 64.5ms)


Started GET "/" for 127.0.0.1 at 2018-01-11 22:53:16 +0300
Processing by HomePageController#index as HTML
  Rendering home_page/index.html.erb within layouts/application
  Rendered home_page/index.html.erb within layouts/application (0.7ms)
Completed 200 OK in 81ms (Views: 79.4ms)


Started GET "/" for 127.0.0.1 at 2018-01-11 22:53:33 +0300
Processing by HomePageController#index as HTML
  Rendering home_page/index.html.erb within layouts/application
  Rendered home_page/index.html.erb within layouts/application (0.8ms)
Completed 200 OK in 106ms (Views: 102.1ms)


Started GET "/" for 127.0.0.1 at 2018-01-11 22:53:56 +0300
Processing by HomePageController#index as HTML
  Rendering home_page/index.html.erb within layouts/application
  Rendered home_page/index.html.erb within layouts/application (0.4ms)
Completed 200 OK in 57ms (Views: 55.3ms)


Started GET "/" for 127.0.0.1 at 2018-01-11 22:55:00 +0300
Processing by HomePageController#index as HTML
  Rendering home_page/index.html.erb within layouts/application
  Rendered home_page/index.html.erb within layouts/application (1.3ms)
Completed 200 OK in 53ms (Views: 51.2ms)


Started GET "/" for 127.0.0.1 at 2018-01-11 22:55:44 +0300
Processing by HomePageController#index as HTML
  Rendering home_page/index.html.erb within layouts/application
  Rendered home_page/index.html.erb within layouts/application (0.4ms)
Completed 200 OK in 51ms (Views: 49.3ms)


Started GET "/" for 127.0.0.1 at 2018-01-11 22:56:42 +0300
Processing by HomePageController#index as HTML
  Rendering home_page/index.html.erb within layouts/application
  Rendered home_page/index.html.erb within layouts/application (0.7ms)
Completed 200 OK in 71ms (Views: 68.6ms)


Started GET "/" for 127.0.0.1 at 2018-01-11 22:57:32 +0300
Processing by HomePageController#index as HTML
  Rendering home_page/index.html.erb within layouts/application
  Rendered home_page/index.html.erb within layouts/application (0.5ms)
Completed 200 OK in 47ms (Views: 46.1ms)


Started GET "/" for 127.0.0.1 at 2018-01-11 22:58:27 +0300
Processing by HomePageController#index as HTML
  Rendering home_page/index.html.erb within layouts/application
  Rendered home_page/index.html.erb within layouts/application (2.0ms)
Completed 200 OK in 49ms (Views: 48.2ms)


Started GET "/" for 127.0.0.1 at 2018-01-11 22:59:24 +0300
Processing by HomePageController#index as HTML
  Rendering home_page/index.html.erb within layouts/application
  Rendered home_page/index.html.erb within layouts/application (1.1ms)
Completed 200 OK in 45ms (Views: 43.7ms)


Started GET "/" for 127.0.0.1 at 2018-01-11 22:59:45 +0300
Processing by HomePageController#index as HTML
  Rendering home_page/index.html.erb within layouts/application
  Rendered home_page/index.html.erb within layouts/application (1.1ms)
Completed 200 OK in 55ms (Views: 53.9ms)


Started GET "/" for 127.0.0.1 at 2018-01-11 22:59:56 +0300
Processing by HomePageController#index as HTML
  Rendering home_page/index.html.erb within layouts/application
  Rendered home_page/index.html.erb within layouts/application (0.8ms)
Completed 200 OK in 55ms (Views: 53.5ms)


Started GET "/" for 127.0.0.1 at 2018-01-11 23:00:50 +0300
Processing by HomePageController#index as HTML
  Rendering home_page/index.html.erb within layouts/application
  Rendered home_page/index.html.erb within layouts/application (1.0ms)
Completed 200 OK in 69ms (Views: 66.9ms)


Started GET "/" for 127.0.0.1 at 2018-01-11 23:01:32 +0300
Processing by HomePageController#index as HTML
  Rendering home_page/index.html.erb within layouts/application
  Rendered home_page/index.html.erb within layouts/application (0.3ms)
Completed 200 OK in 49ms (Views: 47.5ms)


Started GET "/" for 127.0.0.1 at 2018-01-11 23:01:59 +0300
Processing by HomePageController#index as HTML
  Rendering home_page/index.html.erb within layouts/application
  Rendered home_page/index.html.erb within layouts/application (0.7ms)
Completed 200 OK in 95ms (Views: 93.1ms)


Started GET "/" for 127.0.0.1 at 2018-01-11 23:02:40 +0300
Processing by HomePageController#index as HTML
  Rendering home_page/index.html.erb within layouts/application
  Rendered home_page/index.html.erb within layouts/application (0.3ms)
Completed 200 OK in 62ms (Views: 60.6ms)


Started GET "/" for 127.0.0.1 at 2018-01-11 23:03:03 +0300
Processing by HomePageController#index as HTML
  Rendering home_page/index.html.erb within layouts/application
  Rendered home_page/index.html.erb within layouts/application (0.6ms)
Completed 200 OK in 71ms (Views: 68.6ms)


Started GET "/" for 127.0.0.1 at 2018-01-11 23:07:28 +0300
Processing by HomePageController#index as HTML
  Rendering home_page/index.html.erb within layouts/application
  Rendered home_page/index.html.erb within layouts/application (0.3ms)
Completed 200 OK in 49ms (Views: 48.2ms)


Started GET "/" for 127.0.0.1 at 2018-01-11 23:08:00 +0300
Processing by HomePageController#index as HTML
  Rendering home_page/index.html.erb within layouts/application
  Rendered home_page/index.html.erb within layouts/application (0.3ms)
Completed 200 OK in 45ms (Views: 43.8ms)


Started GET "/" for 127.0.0.1 at 2018-01-11 23:08:13 +0300
Processing by HomePageController#index as HTML
  Rendering home_page/index.html.erb within layouts/application
  Rendered home_page/index.html.erb within layouts/application (1.3ms)
Completed 200 OK in 93ms (Views: 89.7ms)


Started GET "/" for 127.0.0.1 at 2018-01-11 23:09:25 +0300
Processing by HomePageController#index as HTML
  Rendering home_page/index.html.erb within layouts/application
  Rendered home_page/index.html.erb within layouts/application (1.0ms)
Completed 200 OK in 86ms (Views: 83.2ms)


Started GET "/" for 127.0.0.1 at 2018-01-11 23:09:28 +0300
Processing by HomePageController#index as HTML
  Rendering home_page/index.html.erb within layouts/application
  Rendered home_page/index.html.erb within layouts/application (0.3ms)
Completed 200 OK in 18ms (Views: 16.9ms)


Started GET "/" for 127.0.0.1 at 2018-01-11 23:10:22 +0300
Processing by HomePageController#index as HTML
  Rendering home_page/index.html.erb within layouts/application
  Rendered home_page/index.html.erb within layouts/application (1.4ms)
Completed 200 OK in 20ms (Views: 18.4ms)


Started GET "/" for 127.0.0.1 at 2018-01-11 23:10:59 +0300
Processing by HomePageController#index as HTML
  Rendering home_page/index.html.erb within layouts/application
  Rendered home_page/index.html.erb within layouts/application (0.4ms)
Completed 200 OK in 49ms (Views: 47.4ms)


Started GET "/" for 127.0.0.1 at 2018-01-11 23:11:01 +0300
Processing by HomePageController#index as HTML
  Rendering home_page/index.html.erb within layouts/application
  Rendered home_page/index.html.erb within layouts/application (1.6ms)
Completed 200 OK in 54ms (Views: 51.5ms)


Started GET "/" for 127.0.0.1 at 2018-01-11 23:11:15 +0300
Processing by HomePageController#index as HTML
  Rendering home_page/index.html.erb within layouts/application
  Rendered home_page/index.html.erb within layouts/application (0.3ms)
Completed 200 OK in 48ms (Views: 47.2ms)


Started GET "/" for 127.0.0.1 at 2018-01-11 23:12:19 +0300
Processing by HomePageController#index as HTML
  Rendering home_page/index.html.erb within layouts/application
  Rendered home_page/index.html.erb within layouts/application (0.3ms)
Completed 200 OK in 18ms (Views: 17.3ms)


Started GET "/" for 127.0.0.1 at 2018-01-11 23:13:09 +0300
Processing by HomePageController#index as HTML
  Rendering home_page/index.html.erb within layouts/application
  Rendered home_page/index.html.erb within layouts/application (0.4ms)
Completed 200 OK in 45ms (Views: 44.0ms)


Started GET "/" for 127.0.0.1 at 2018-01-11 23:13:38 +0300
Processing by HomePageController#index as HTML
  Rendering home_page/index.html.erb within layouts/application
  Rendered home_page/index.html.erb within layouts/application (1.0ms)
Completed 200 OK in 48ms (Views: 47.1ms)


Started GET "/" for 127.0.0.1 at 2018-01-11 23:15:59 +0300
Processing by HomePageController#index as HTML
  Rendering home_page/index.html.erb within layouts/application
  Rendered home_page/index.html.erb within layouts/application (1.5ms)
Completed 200 OK in 54ms (Views: 51.7ms)


Started GET "/" for 127.0.0.1 at 2018-01-11 23:16:44 +0300
Processing by HomePageController#index as HTML
  Rendering home_page/index.html.erb within layouts/application
  Rendered home_page/index.html.erb within layouts/application (0.8ms)
Completed 200 OK in 89ms (Views: 86.9ms)


Started GET "/" for 127.0.0.1 at 2018-01-11 23:17:29 +0300
Processing by HomePageController#index as HTML
  Rendering home_page/index.html.erb within layouts/application
  Rendered home_page/index.html.erb within layouts/application (0.5ms)
Completed 200 OK in 69ms (Views: 66.8ms)


Started GET "/" for 127.0.0.1 at 2018-01-11 23:17:58 +0300
Processing by HomePageController#index as HTML
  Rendering home_page/index.html.erb within layouts/application
  Rendered home_page/index.html.erb within layouts/application (0.5ms)
Completed 200 OK in 52ms (Views: 50.3ms)


Started GET "/" for 127.0.0.1 at 2018-01-11 23:19:18 +0300
Processing by HomePageController#index as HTML
  Rendering home_page/index.html.erb within layouts/application
  Rendered home_page/index.html.erb within layouts/application (0.7ms)
Completed 200 OK in 80ms (Views: 77.7ms)


Started GET "/" for 127.0.0.1 at 2018-01-11 23:21:49 +0300
Processing by HomePageController#index as HTML
  Rendering home_page/index.html.erb within layouts/application
  Rendered home_page/index.html.erb within layouts/application (0.4ms)
Completed 200 OK in 67ms (Views: 64.8ms)


Started GET "/" for 127.0.0.1 at 2018-01-11 23:22:38 +0300
Processing by HomePageController#index as HTML
  Rendering home_page/index.html.erb within layouts/application
  Rendered home_page/index.html.erb within layouts/application (0.3ms)
Completed 200 OK in 50ms (Views: 48.6ms)


Started GET "/" for 127.0.0.1 at 2018-01-11 23:22:56 +0300
Processing by HomePageController#index as HTML
  Rendering home_page/index.html.erb within layouts/application
  Rendered home_page/index.html.erb within layouts/application (1.1ms)
Completed 200 OK in 90ms (Views: 86.2ms)


Started GET "/" for 127.0.0.1 at 2018-01-11 23:23:15 +0300
Processing by HomePageController#index as HTML
  Rendering home_page/index.html.erb within layouts/application
  Rendered home_page/index.html.erb within layouts/application (0.6ms)
Completed 200 OK in 48ms (Views: 47.2ms)


Started GET "/" for 127.0.0.1 at 2018-01-11 23:26:59 +0300
Processing by HomePageController#index as HTML
  Rendering home_page/index.html.erb within layouts/application
  Rendered home_page/index.html.erb within layouts/application (0.4ms)
Completed 200 OK in 50ms (Views: 47.2ms)


Started GET "/" for 127.0.0.1 at 2018-01-11 23:28:57 +0300
Processing by HomePageController#index as HTML
  Rendering home_page/index.html.erb within layouts/application
  Rendered home_page/index.html.erb within layouts/application (1.0ms)
Completed 200 OK in 47ms (Views: 45.5ms)


Started GET "/" for 127.0.0.1 at 2018-01-14 17:46:52 +0300
Processing by HomePageController#index as HTML
  Rendering home_page/index.html.erb within layouts/application
  Rendered home_page/index.html.erb within layouts/application (0.8ms)
Completed 200 OK in 280ms (Views: 162.5ms)


Started GET "/" for 127.0.0.1 at 2018-01-14 17:51:18 +0300
Processing by HomePageController#index as HTML
  Rendering home_page/index.html.erb within layouts/application
  Rendered home_page/index.html.erb within layouts/application (1.6ms)
Completed 200 OK in 65ms (Views: 63.7ms)


Started GET "/" for 127.0.0.1 at 2018-01-14 17:52:19 +0300
Processing by HomePageController#index as HTML
  Rendering home_page/index.html.erb within layouts/application
  Rendered home_page/index.html.erb within layouts/application (1.1ms)
Completed 200 OK in 111ms (Views: 108.8ms)


Started GET "/" for 127.0.0.1 at 2018-01-14 17:54:15 +0300
Processing by HomePageController#index as HTML
  Rendering home_page/index.html.erb within layouts/application
  Rendered home_page/index.html.erb within layouts/application (0.9ms)
Completed 200 OK in 71ms (Views: 69.0ms)


Started GET "/" for 127.0.0.1 at 2018-01-14 17:54:33 +0300
Processing by HomePageController#index as HTML
  Rendering home_page/index.html.erb within layouts/application
  Rendered home_page/index.html.erb within layouts/application (1.3ms)
Completed 200 OK in 134ms (Views: 131.2ms)


Started GET "/" for 127.0.0.1 at 2018-01-14 17:55:17 +0300
Processing by HomePageController#index as HTML
  Rendering home_page/index.html.erb within layouts/application
  Rendered home_page/index.html.erb within layouts/application (1.2ms)
Completed 200 OK in 133ms (Views: 129.5ms)


Started GET "/" for 127.0.0.1 at 2018-01-14 17:55:38 +0300
Processing by HomePageController#index as HTML
  Rendering home_page/index.html.erb within layouts/application
  Rendered home_page/index.html.erb within layouts/application (1.2ms)
Completed 200 OK in 82ms (Views: 78.0ms)


Started GET "/" for 127.0.0.1 at 2018-01-14 18:03:52 +0300
Processing by HomePageController#index as HTML
  Rendering home_page/index.html.erb within layouts/application
  Rendered home_page/index.html.erb within layouts/application (0.5ms)
Completed 200 OK in 28ms (Views: 26.5ms)


Started GET "/" for 127.0.0.1 at 2018-01-14 18:04:36 +0300
Processing by HomePageController#index as HTML
  Rendering home_page/index.html.erb within layouts/application
  Rendered home_page/index.html.erb within layouts/application (4.5ms)
Completed 500 Internal Server Error in 15ms


  
SyntaxError (/home/sergei/projects/gitclub/app/views/home_page/index.html.erb:53: syntax error, unexpected end-of-input, expecting keyword_end
          end
             ^):
  
app/views/home_page/index.html.erb:53: syntax error, unexpected end-of-input, expecting keyword_end
Started GET "/" for 127.0.0.1 at 2018-01-14 18:40:03 +0300
Processing by HomePageController#index as HTML
  Rendering home_page/index.html.erb within layouts/application
  Rendered home_page/index.html.erb within layouts/application (271.7ms)
Completed 500 Internal Server Error in 279ms


  
ActionView::Template::Error (undefined local variable or method `user' for #<#<Class:0x0000565290e75cc8>:0x00007f1a1191ba90>):
     9:       </div>
    10:     </div>
    11:     <div class="input-form">
    12:       <%= form_for(user) do |f| %>
    13:         <% if flash[:alert].present? %>
    14:           <p class="alert alert-danger"><%= flash[:alert] %></p>
    15:         <% end %>
  
app/views/home_page/index.html.erb:12:in `_app_views_home_page_index_html_erb___529436167653736317_69874970339760'
Started GET "/" for 127.0.0.1 at 2018-01-14 18:40:23 +0300
Processing by HomePageController#index as HTML
  Rendering home_page/index.html.erb within layouts/application
  Rendered home_page/index.html.erb within layouts/application (89.4ms)
Completed 200 OK in 178ms (Views: 174.7ms)


Started GET "/" for 127.0.0.1 at 2018-01-14 18:44:10 +0300
Processing by HomePageController#index as HTML
  Rendering home_page/index.html.erb within layouts/application
  Rendered home_page/index.html.erb within layouts/application (7.4ms)
Completed 200 OK in 34ms (Views: 31.7ms)


Started GET "/" for 127.0.0.1 at 2018-01-14 18:44:32 +0300
Processing by HomePageController#index as HTML
  Rendering home_page/index.html.erb within layouts/application
  Rendered home_page/index.html.erb within layouts/application (20.9ms)
Completed 200 OK in 83ms (Views: 76.1ms)


Started GET "/" for 127.0.0.1 at 2018-01-14 18:46:07 +0300
Processing by HomePageController#index as HTML
  Rendering home_page/index.html.erb within layouts/application
  Rendered home_page/index.html.erb within layouts/application (18.9ms)
Completed 200 OK in 119ms (Views: 114.3ms)


Started GET "/" for 127.0.0.1 at 2018-01-14 18:48:25 +0300
Processing by HomePageController#index as HTML
  Rendering home_page/index.html.erb within layouts/application
  Rendered home_page/index.html.erb within layouts/application (10.4ms)
Completed 200 OK in 49ms (Views: 47.0ms)


Started GET "/" for 127.0.0.1 at 2018-01-14 18:50:16 +0300
Processing by HomePageController#index as HTML
  Rendering home_page/index.html.erb within layouts/application
  Rendered home_page/index.html.erb within layouts/application (7.2ms)
Completed 200 OK in 26ms (Views: 25.0ms)


Started GET "/" for 127.0.0.1 at 2018-01-14 18:51:46 +0300
Processing by HomePageController#index as HTML
  Rendering home_page/index.html.erb within layouts/application
  Rendered home_page/index.html.erb within layouts/application (11.4ms)
Completed 200 OK in 51ms (Views: 48.5ms)


Started GET "/" for 127.0.0.1 at 2018-01-14 18:54:15 +0300
Processing by HomePageController#index as HTML
  Rendering home_page/index.html.erb within layouts/application
  Rendered home_page/index.html.erb within layouts/application (5.6ms)
Completed 200 OK in 58ms (Views: 54.5ms)


Started GET "/" for 127.0.0.1 at 2018-01-14 18:56:31 +0300
Processing by HomePageController#index as HTML
  Rendering home_page/index.html.erb within layouts/application
  Rendered home_page/index.html.erb within layouts/application (6.0ms)
Completed 200 OK in 64ms (Views: 62.8ms)


Started GET "/" for 127.0.0.1 at 2018-01-14 19:00:07 +0300
Processing by HomePageController#index as HTML
  Rendering home_page/index.html.erb within layouts/application
  Rendered home_page/index.html.erb within layouts/application (10.6ms)
Completed 200 OK in 82ms (Views: 77.6ms)


Started GET "/" for 127.0.0.1 at 2018-01-14 19:01:48 +0300
Processing by HomePageController#index as HTML
  Rendering home_page/index.html.erb within layouts/application
  Rendered home_page/index.html.erb within layouts/application (8.9ms)
Completed 200 OK in 83ms (Views: 79.5ms)


Started GET "/" for 127.0.0.1 at 2018-01-14 22:18:12 +0300
Processing by HomePageController#index as HTML
  Rendering home_page/index.html.erb within layouts/application
  Rendered home_page/index.html.erb within layouts/application (16.1ms)
Completed 200 OK in 101ms (Views: 98.0ms)


Started GET "/" for 127.0.0.1 at 2018-01-14 22:18:50 +0300
Processing by HomePageController#index as HTML
  Rendering home_page/index.html.erb within layouts/application
  Rendered home_page/index.html.erb within layouts/application (13.7ms)
Completed 200 OK in 114ms (Views: 110.8ms)


Started GET "/" for 127.0.0.1 at 2018-01-14 22:22:34 +0300
Processing by HomePageController#index as HTML
  Rendering home_page/index.html.erb within layouts/application
  Rendered home_page/index.html.erb within layouts/application (7.2ms)
Completed 200 OK in 78ms (Views: 74.9ms)


Started GET "/" for 127.0.0.1 at 2018-01-14 22:23:16 +0300
Processing by HomePageController#index as HTML
  Rendering home_page/index.html.erb within layouts/application
  Rendered home_page/index.html.erb within layouts/application (6.5ms)
Completed 200 OK in 87ms (Views: 85.7ms)


Started GET "/" for 127.0.0.1 at 2018-01-14 22:26:10 +0300
Processing by HomePageController#index as HTML
  Rendering home_page/index.html.erb within layouts/application
  Rendered home_page/index.html.erb within layouts/application (11.0ms)
Completed 200 OK in 107ms (Views: 104.3ms)


Started GET "/" for 127.0.0.1 at 2018-01-14 22:26:53 +0300
Processing by HomePageController#index as HTML
  Rendering home_page/index.html.erb within layouts/application
  Rendered home_page/index.html.erb within layouts/application (10.2ms)
Completed 200 OK in 89ms (Views: 85.9ms)


Started GET "/" for 127.0.0.1 at 2018-01-14 22:27:24 +0300
Processing by HomePageController#index as HTML
  Rendering home_page/index.html.erb within layouts/application
  Rendered home_page/index.html.erb within layouts/application (11.7ms)
Completed 200 OK in 98ms (Views: 96.0ms)


Started GET "/" for 127.0.0.1 at 2018-01-14 22:27:44 +0300
Processing by HomePageController#index as HTML
  Rendering home_page/index.html.erb within layouts/application
  Rendered home_page/index.html.erb within layouts/application (13.1ms)
Completed 200 OK in 101ms (Views: 98.6ms)


Started GET "/" for 127.0.0.1 at 2018-01-14 22:28:11 +0300
Processing by HomePageController#index as HTML
  Rendering home_page/index.html.erb within layouts/application
  Rendered home_page/index.html.erb within layouts/application (14.9ms)
Completed 200 OK in 95ms (Views: 92.0ms)


Started GET "/" for 127.0.0.1 at 2018-01-14 22:28:47 +0300
Processing by HomePageController#index as HTML
  Rendering home_page/index.html.erb within layouts/application
  Rendered home_page/index.html.erb within layouts/application (14.6ms)
Completed 200 OK in 107ms (Views: 103.5ms)


Started GET "/" for 127.0.0.1 at 2018-01-14 22:29:05 +0300
Processing by HomePageController#index as HTML
  Rendering home_page/index.html.erb within layouts/application
  Rendered home_page/index.html.erb within layouts/application (14.3ms)
Completed 200 OK in 85ms (Views: 81.7ms)


Started GET "/" for 127.0.0.1 at 2018-01-14 22:29:37 +0300
Processing by HomePageController#index as HTML
  Rendering home_page/index.html.erb within layouts/application
  Rendered home_page/index.html.erb within layouts/application (12.0ms)
Completed 200 OK in 94ms (Views: 91.5ms)


Started GET "/" for 127.0.0.1 at 2018-01-14 22:30:05 +0300
Processing by HomePageController#index as HTML
  Rendering home_page/index.html.erb within layouts/application
  Rendered home_page/index.html.erb within layouts/application (14.5ms)
Completed 200 OK in 100ms (Views: 97.7ms)


Started GET "/" for 127.0.0.1 at 2018-01-14 22:30:34 +0300
Processing by HomePageController#index as HTML
  Rendering home_page/index.html.erb within layouts/application
  Rendered home_page/index.html.erb within layouts/application (13.8ms)
Completed 200 OK in 85ms (Views: 81.9ms)


Started GET "/" for 127.0.0.1 at 2018-01-14 22:30:52 +0300
Processing by HomePageController#index as HTML
  Rendering home_page/index.html.erb within layouts/application
  Rendered home_page/index.html.erb within layouts/application (8.4ms)
Completed 200 OK in 64ms (Views: 60.5ms)


Started GET "/" for 127.0.0.1 at 2018-01-14 22:31:13 +0300
Processing by HomePageController#index as HTML
  Rendering home_page/index.html.erb within layouts/application
  Rendered home_page/index.html.erb within layouts/application (15.7ms)
Completed 200 OK in 117ms (Views: 114.1ms)


Started GET "/" for 127.0.0.1 at 2018-01-14 22:31:36 +0300
Processing by HomePageController#index as HTML
  Rendering home_page/index.html.erb within layouts/application
  Rendered home_page/index.html.erb within layouts/application (12.3ms)
Completed 200 OK in 94ms (Views: 90.6ms)


Started GET "/" for 127.0.0.1 at 2018-01-14 22:32:11 +0300
Processing by HomePageController#index as HTML
  Rendering home_page/index.html.erb within layouts/application
  Rendered home_page/index.html.erb within layouts/application (12.4ms)
Completed 200 OK in 93ms (Views: 89.5ms)


Started GET "/" for 127.0.0.1 at 2018-01-14 22:33:09 +0300
Processing by HomePageController#index as HTML
  Rendering home_page/index.html.erb within layouts/application
  Rendered home_page/index.html.erb within layouts/application (4.9ms)
Completed 200 OK in 38ms (Views: 36.8ms)


Started GET "/" for 127.0.0.1 at 2018-01-14 22:34:55 +0300
Processing by HomePageController#index as HTML
  Rendering home_page/index.html.erb within layouts/application
  Rendered home_page/index.html.erb within layouts/application (14.3ms)
Completed 200 OK in 71ms (Views: 68.7ms)


Started GET "/" for 127.0.0.1 at 2018-01-14 22:36:28 +0300
Processing by HomePageController#index as HTML
  Rendering home_page/index.html.erb within layouts/application
  Rendered home_page/index.html.erb within layouts/application (11.1ms)
Completed 200 OK in 93ms (Views: 90.8ms)


Started GET "/" for 127.0.0.1 at 2018-01-14 22:37:40 +0300
Processing by HomePageController#index as HTML
  Rendering home_page/index.html.erb within layouts/application
  Rendered home_page/index.html.erb within layouts/application (11.1ms)
Completed 200 OK in 87ms (Views: 81.4ms)


Started GET "/" for 127.0.0.1 at 2018-01-14 22:37:56 +0300
Processing by HomePageController#index as HTML
  Rendering home_page/index.html.erb within layouts/application
  Rendered home_page/index.html.erb within layouts/application (11.7ms)
Completed 200 OK in 81ms (Views: 76.6ms)


Started GET "/" for 127.0.0.1 at 2018-01-14 22:38:06 +0300
Processing by HomePageController#index as HTML
  Rendering home_page/index.html.erb within layouts/application
  Rendered home_page/index.html.erb within layouts/application (4.9ms)
Completed 200 OK in 43ms (Views: 40.7ms)


Started GET "/" for 127.0.0.1 at 2018-01-14 22:39:03 +0300
Processing by HomePageController#index as HTML
  Rendering home_page/index.html.erb within layouts/application
  Rendered home_page/index.html.erb within layouts/application (34.3ms)
Completed 200 OK in 119ms (Views: 115.6ms)


Started GET "/" for 127.0.0.1 at 2018-01-14 22:39:23 +0300
Processing by HomePageController#index as HTML
  Rendering home_page/index.html.erb within layouts/application
  Rendered home_page/index.html.erb within layouts/application (13.4ms)
Completed 500 Internal Server Error in 69ms


  
ActionView::Template::Error (Invalid CSS after "  font-size": expected ";", was ": 0.9em;"):
    4:     <title>Gitclub</title>
    5:     <%= csrf_meta_tags %>
    6: 
    7:     <%= stylesheet_link_tag    'application', media: 'all', 'data-turbolinks-track': 'reload' %>
    8:     <%= javascript_include_tag 'application', 'data-turbolinks-track': 'reload' %>
    9:     <link rel="icon" type="image/x-icon" href="https://assets-cdn.github.com/favicon.ico">
   10:   </head>
  
app/assets/stylesheets/form.scss:25
app/views/layouts/application.html.erb:7:in `_app_views_layouts_application_html_erb___1821755828291867979_69874973897260'
Started GET "/" for 127.0.0.1 at 2018-01-14 22:39:33 +0300
Processing by HomePageController#index as HTML
  Rendering home_page/index.html.erb within layouts/application
  Rendered home_page/index.html.erb within layouts/application (14.4ms)
Completed 200 OK in 117ms (Views: 112.7ms)


Started GET "/" for 127.0.0.1 at 2018-01-14 22:39:45 +0300
Processing by HomePageController#index as HTML
  Rendering home_page/index.html.erb within layouts/application
  Rendered home_page/index.html.erb within layouts/application (9.7ms)
Completed 200 OK in 78ms (Views: 76.2ms)


Started GET "/" for 127.0.0.1 at 2018-01-14 22:41:38 +0300
Processing by HomePageController#index as HTML
  Rendering home_page/index.html.erb within layouts/application
  Rendered home_page/index.html.erb within layouts/application (11.9ms)
Completed 200 OK in 70ms (Views: 67.1ms)


Started GET "/" for 127.0.0.1 at 2018-01-14 22:42:09 +0300
Processing by HomePageController#index as HTML
  Rendering home_page/index.html.erb within layouts/application
  Rendered home_page/index.html.erb within layouts/application (8.6ms)
Completed 200 OK in 97ms (Views: 85.1ms)


Started GET "/" for 127.0.0.1 at 2018-01-14 22:42:24 +0300
Processing by HomePageController#index as HTML
  Rendering home_page/index.html.erb within layouts/application
  Rendered home_page/index.html.erb within layouts/application (9.2ms)
Completed 200 OK in 109ms (Views: 105.2ms)


Started GET "/" for 127.0.0.1 at 2018-01-14 22:43:04 +0300
Processing by HomePageController#index as HTML
  Rendering home_page/index.html.erb within layouts/application
  Rendered home_page/index.html.erb within layouts/application (10.3ms)
Completed 200 OK in 93ms (Views: 90.7ms)


